{"tag": "[1428329188.333636]successfully registered", "password": "d1gyz7kx", "username": "c75lb", "type": "ok"}
{"tag": "[1428329188.345637]successfully loginned", "type": "ok"}
{"tag": "[1428329196.982131]\u5206\u4e3a\u5206\u4e3a", "content": "\u5206\u4e3a\u5206\u4e3a", "useragent": "Mozilla/5.0 (Windows NT 6.1; WOW64) AppleWebKit/537.36 (KHTML, like Gecko) Chrome/40.0.2214.115 Safari/537.36", "type": "pandanmuku"}
{"tag": "[1428329204.349552]\u5206\u4e3a\u5206\u4e3a\u3001", "content": "\u5206\u4e3a\u5206\u4e3a\u3001", "useragent": "Mozilla/5.0 (Windows NT 6.1; WOW64) AppleWebKit/537.36 (KHTML, like Gecko) Chrome/40.0.2214.115 Safari/537.36", "type": "pandanmuku"}
{"type": "ok", "password": "acs41u0d", "username": "4e2mr", "tag": "[1428329312.00271]successfully registered"}
{"type": "ok", "tag": "[1428329312.00971]successfully loginned"}
{"type": "pandanmuku", "tag": "[1428329320.511196]\u98ce\u5fae\u98ce", "content": "\u98ce\u5fae\u98ce", "useragent": "Mozilla/5.0 (Windows NT 6.1; WOW64) AppleWebKit/537.36 (KHTML, like Gecko) Chrome/40.0.2214.115 Safari/537.36"}
{"type": "pandanmuku", "tag": "[1428329323.670377]\u98ce\u5fae\u98ce", "content": "\u98ce\u5fae\u98ce", "useragent": "Mozilla/5.0 (Windows NT 6.1; WOW64) AppleWebKit/537.36 (KHTML, like Gecko) Chrome/40.0.2214.115 Safari/537.36"}
{"type": "pandanmuku", "tag": "[1428329325.890504]\u6c1b\u56f4", "content": "\u6c1b\u56f4", "useragent": "Mozilla/5.0 (Windows NT 6.1; WOW64) AppleWebKit/537.36 (KHTML, like Gecko) Chrome/40.0.2214.115 Safari/537.36"}
{"username": "dnzpf", "tag": "[1428329560.070898]successfully registered", "type": "ok", "password": "na78glrz"}
{"tag": "[1428329560.077899]successfully loginned", "type": "ok"}
{"content": "sad", "useragent": "Mozilla/5.0 (Windows NT 6.1; WOW64) AppleWebKit/537.36 (KHTML, like Gecko) Chrome/40.0.2214.115 Safari/537.36", "tag": "[1428329568.094357]sad", "type": "pandanmuku"}
{"password": "0bepvckz", "type": "ok", "tag": "[1428330456.046145]successfully registered", "username": "9b2ro"}
{"type": "ok", "tag": "[1428330456.053146]successfully loginned"}
{"content": "\u6211\u7684", "type": "pandanmuku", "tag": "[1428330463.606578]\u6211\u7684", "useragent": "Mozilla/5.0 (Windows NT 6.1; WOW64) AppleWebKit/537.36 (KHTML, like Gecko) Chrome/40.0.2214.115 Safari/537.36"}
{"username": "i9hem", "tag": "[1428330548.229418]successfully registered", "type": "ok", "password": "zcoeudfy"}
{"tag": "[1428330548.236418]successfully loginned", "type": "ok"}
{"useragent": "Mozilla/5.0 (Windows NT 6.1; WOW64) AppleWebKit/537.36 (KHTML, like Gecko) Chrome/40.0.2214.115 Safari/537.36", "content": "\u975e\u5355\u8eab", "tag": "[1428330555.872855]\u975e\u5355\u8eab", "type": "pandanmuku"}
{"tag": "[1428330607.289796]kicked, because you have failed to send heartbeat pack frequently.", "type": "error"}
{"tag": "[1428330926.502054]successfully registered", "type": "ok", "password": "g2dic1wf", "username": "93rnb"}
{"tag": "[1428330926.510054]successfully loginned", "type": "ok"}
{"useragent": "Mozilla/5.0 (Windows NT 6.1; WOW64) AppleWebKit/537.36 (KHTML, like Gecko) Chrome/40.0.2214.115 Safari/537.36", "tag": "[1428330932.631404]\u5355\u4f4d", "type": "pandanmuku", "content": "\u5355\u4f4d"}
{"useragent": "Mozilla/5.0 (Windows NT 6.1; WOW64) AppleWebKit/537.36 (KHTML, like Gecko) Chrome/40.0.2214.115 Safari/537.36", "tag": "[1428330938.883762]\u7684", "type": "pandanmuku", "content": "\u7684"}
{"useragent": "Mozilla/5.0 (Windows NT 6.1; WOW64) AppleWebKit/537.36 (KHTML, like Gecko) Chrome/40.0.2214.115 Safari/537.36", "tag": "[1428330945.774156]\u7684", "type": "pandanmuku", "content": "\u7684"}
{"tag": "[1428330975.684867]kicked, because you have failed to send heartbeat pack frequently.", "type": "error"}
{"tag": "[1428331034.703242]successfully registered", "type": "ok", "password": "t8s0la2p", "username": "sifae"}
{"tag": "[1428331034.709243]successfully loginned", "type": "ok"}
{"tag": "[1428331035.685299]kicked, because you have failed to send heartbeat pack frequently.", "type": "error"}
{"type": "ok", "password": "e9po0xht", "tag": "[1428331204.410949]successfully registered", "username": "52vs0"}
{"type": "ok", "tag": "[1428331204.41795]successfully loginned"}
{"type": "error", "tag": "[1428331255.896894]kicked, because you have failed to send heartbeat pack frequently."}
{"type": "ok", "username": "bxc5y", "tag": "[1428331470.080145]successfully registered", "password": "fst412hi"}
{"type": "ok", "tag": "[1428331470.087145]successfully loginned"}
{"type": "ok", "username": "miln3", "tag": "[1428331702.375431]successfully registered", "password": "v6q9dz7u"}
{"type": "ok", "tag": "[1428331702.382432]successfully loginned"}
{"type": "error", "tag": "[1428331705.060585]kicked, because you have failed to send heartbeat pack frequently."}
{"password": "31qg4er0", "type": "ok", "tag": "[1428331850.219887]successfully registered", "username": "gi8s1"}
{"type": "ok", "tag": "[1428331850.226888]successfully loginned"}
{"type": "ok", "password": "04ad2v6j", "tag": "[1428332036.671552]successfully registered", "username": "4cfkn"}
{"type": "ok", "tag": "[1428332036.678552]successfully loginned"}
{"useragent": "Mozilla/5.0 (Windows NT 6.1; WOW64) AppleWebKit/537.36 (KHTML, like Gecko) Chrome/40.0.2214.115 Safari/537.36", "type": "pandanmuku", "content": "dwq ", "tag": "[1428332047.776187]dwq "}
{"useragent": "Mozilla/5.0 (Windows NT 6.1; WOW64) AppleWebKit/537.36 (KHTML, like Gecko) Chrome/40.0.2214.115 Safari/537.36", "type": "pandanmuku", "content": "\u5206\u4e3a\u5206\u4e3a", "tag": "[1428332050.544345]\u5206\u4e3a\u5206\u4e3a"}
{"type": "ok", "password": "labdx02z", "tag": "[1428332127.756762]successfully registered", "username": "ew76i"}
{"type": "ok", "tag": "[1428332127.764762]successfully loginned"}
{"useragent": "Mozilla/5.0 (Windows NT 6.1; WOW64) AppleWebKit/537.36 (KHTML, like Gecko) Chrome/40.0.2214.115 Safari/537.36", "type": "pandanmuku", "content": "\u7684\u6492", "tag": "[1428332134.914171]\u7684\u6492"}
{"type": "ok", "password": "pqnxbs3m", "tag": "[1428332396.433129]successfully registered", "username": "6qd4a"}
{"type": "ok", "tag": "[1428332396.440129]successfully loginned"}
{"type": "pandanmuku", "tag": "[1428332415.928244]f ", "useragent": "Mozilla/5.0 (Windows NT 6.1; WOW64) AppleWebKit/537.36 (KHTML, like Gecko) Chrome/40.0.2214.115 Safari/537.36", "content": "f "}
{"type": "pandanmuku", "tag": "[1428332456.344556]\u5b8c\u5168\u7684", "useragent": "Mozilla/5.0 (Windows NT 6.1; WOW64) AppleWebKit/537.36 (KHTML, like Gecko) Chrome/40.0.2214.115 Safari/537.36", "content": "\u5b8c\u5168\u7684"}
{"type": "pandanmuku", "tag": "[1428332486.230265]\u5b8c\u5168\u7684\u6c14\u5f97\u6211", "useragent": "Mozilla/5.0 (Windows NT 6.1; WOW64) AppleWebKit/537.36 (KHTML, like Gecko) Chrome/40.0.2214.115 Safari/537.36", "content": "\u5b8c\u5168\u7684\u6c14\u5f97\u6211"}
{"type": "ok", "tag": "[1428332643.652269]successfully loginned"}
{"type": "pandanmuku", "tag": "[1428332655.490946]\u5230\u65e0\u7a77\u5927", "useragent": "Mozilla/5.0 (Windows NT 6.1; WOW64) AppleWebKit/537.36 (KHTML, like Gecko) Chrome/40.0.2214.115 Safari/537.36", "content": "\u5230\u65e0\u7a77\u5927"}
{"type": "error", "tag": "[1428332665.033492]failed, because you are over loginned"}
{"type": "ok", "tag": "[1428332665.033492]successfully loginned"}
{"type": "pandanmuku", "tag": "[1428332666.933601]\u5b9a\u4f4d\u5668", "useragent": "Mozilla/5.0 (Windows NT 6.1; WOW64) AppleWebKit/537.36 (KHTML, like Gecko) Chrome/40.0.2214.115 Safari/537.36", "content": "\u5b9a\u4f4d\u5668"}
{"type": "ok", "tag": "[1428333122.746672]successfully loginned"}
{"useragent": "Mozilla/5.0 (Windows NT 6.1; WOW64) AppleWebKit/537.36 (KHTML, like Gecko) Chrome/40.0.2214.115 Safari/537.36", "type": "pandanmuku", "tag": "[1428333134.43234]\u7684\u6492", "content": "\u7684\u6492"}
{"tag": "[1428335144.666319]successfully loginned", "type": "ok"}
{"type": "ok", "tag": "[1428336582.165539]successfully loginned"}
{"type": "ok", "tag": "[Tue Apr  7 22:26:03 2015]successfully loginned"}
{"type": "ok", "tag": "[Tue Apr  7 22:27:43 2015]successfully loginned"}
{"type": "pandanmuku", "tag": "[Tue Apr  7 22:27:56 2015]\u54c8\u54c8", "content": "\u54c8\u54c8", "useragent": "Mozilla/5.0 (Windows NT 6.1; WOW64) AppleWebKit/537.36 (KHTML, like Gecko) Chrome/40.0.2214.115 Safari/537.36"}
{"type": "pandanmuku", "tag": "[Tue Apr  7 22:28:03 2015]\u63a8\u9001", "content": "\u63a8\u9001", "useragent": "Mozilla/5.0 (Windows NT 6.1; WOW64) AppleWebKit/537.36 (KHTML, like Gecko) Chrome/40.0.2214.115 Safari/537.36"}
{"tag": "[Tue Apr  7 22:47:56 2015]successfully loginned", "type": "ok"}
{"useragent": "Mozilla/5.0 (Windows NT 6.1; WOW64) AppleWebKit/537.36 (KHTML, like Gecko) Chrome/40.0.2214.115 Safari/537.36", "content": "\u6d4b\u8bd5\u975e\u591a\u7ebf\u7a0b\u7684\u8fd0\u884c\u6548\u679c", "tag": "[Tue Apr  7 22:48:17 2015]\u6d4b\u8bd5\u975e\u591a\u7ebf\u7a0b\u7684\u8fd0\u884c\u6548\u679c", "type": "pandanmuku"}
{"useragent": "Mozilla/5.0 (Windows NT 6.1; WOW64) AppleWebKit/537.36 (KHTML, like Gecko) Chrome/40.0.2214.115 Safari/537.36", "content": "d", "tag": "[Tue Apr  7 22:48:21 2015]d", "type": "pandanmuku"}
{"useragent": "Mozilla/5.0 (Windows NT 6.1; WOW64) AppleWebKit/537.36 (KHTML, like Gecko) Chrome/40.0.2214.115 Safari/537.36", "content": "f", "tag": "[Tue Apr  7 22:48:24 2015]f", "type": "pandanmuku"}
{"useragent": "Mozilla/5.0 (Windows NT 6.1; WOW64) AppleWebKit/537.36 (KHTML, like Gecko) Chrome/40.0.2214.115 Safari/537.36", "content": "d", "tag": "[Tue Apr  7 22:48:26 2015]d", "type": "pandanmuku"}
{"useragent": "Mozilla/5.0 (Windows NT 6.1; WOW64) AppleWebKit/537.36 (KHTML, like Gecko) Chrome/40.0.2214.115 Safari/537.36", "content": "d", "tag": "[Tue Apr  7 22:48:27 2015]d", "type": "pandanmuku"}
{"useragent": "Mozilla/5.0 (Windows NT 6.1; WOW64) AppleWebKit/537.36 (KHTML, like Gecko) Chrome/40.0.2214.115 Safari/537.36", "content": "d", "tag": "[Tue Apr  7 22:48:28 2015]d", "type": "pandanmuku"}
{"useragent": "Mozilla/5.0 (Windows NT 6.1; WOW64) AppleWebKit/537.36 (KHTML, like Gecko) Chrome/40.0.2214.115 Safari/537.36", "content": "d", "tag": "[Tue Apr  7 22:48:30 2015]d", "type": "pandanmuku"}
{"useragent": "Mozilla/5.0 (Windows NT 6.1; WOW64) AppleWebKit/537.36 (KHTML, like Gecko) Chrome/40.0.2214.115 Safari/537.36", "content": "s", "tag": "[Tue Apr  7 22:48:31 2015]s", "type": "pandanmuku"}
{"useragent": "Mozilla/5.0 (Windows NT 6.1; WOW64) AppleWebKit/537.36 (KHTML, like Gecko) Chrome/40.0.2214.115 Safari/537.36", "content": "ds", "tag": "[Tue Apr  7 22:48:31 2015]ds", "type": "pandanmuku"}
{"useragent": "Mozilla/5.0 (Windows NT 6.1; WOW64) AppleWebKit/537.36 (KHTML, like Gecko) Chrome/40.0.2214.115 Safari/537.36", "content": "dsf", "tag": "[Tue Apr  7 22:48:32 2015]dsf", "type": "pandanmuku"}
{"useragent": "Mozilla/5.0 (Windows NT 6.1; WOW64) AppleWebKit/537.36 (KHTML, like Gecko) Chrome/40.0.2214.115 Safari/537.36", "content": "", "tag": "[Tue Apr  7 22:48:33 2015]", "type": "pandanmuku"}
{"useragent": "Mozilla/5.0 (Windows NT 6.1; WOW64) AppleWebKit/537.36 (KHTML, like Gecko) Chrome/40.0.2214.115 Safari/537.36", "content": "dsffg", "tag": "[Tue Apr  7 22:48:33 2015]dsffg", "type": "pandanmuku"}
{"useragent": "Mozilla/5.0 (Windows NT 6.1; WOW64) AppleWebKit/537.36 (KHTML, like Gecko) Chrome/40.0.2214.115 Safari/537.36", "content": "", "tag": "[Tue Apr  7 22:48:34 2015]", "type": "pandanmuku"}
{"useragent": "Mozilla/5.0 (Windows NT 6.1; WOW64) AppleWebKit/537.36 (KHTML, like Gecko) Chrome/40.0.2214.115 Safari/537.36", "content": "fdg", "tag": "[Tue Apr  7 22:48:36 2015]fdg", "type": "pandanmuku"}
{"useragent": "Mozilla/5.0 (Windows NT 6.1; WOW64) AppleWebKit/537.36 (KHTML, like Gecko) Chrome/40.0.2214.115 Safari/537.36", "content": "", "tag": "[Tue Apr  7 22:48:36 2015]", "type": "pandanmuku"}
{"useragent": "Mozilla/5.0 (Windows NT 6.1; WOW64) AppleWebKit/537.36 (KHTML, like Gecko) Chrome/40.0.2214.115 Safari/537.36", "content": "gfdgfdg", "tag": "[Tue Apr  7 22:48:37 2015]gfdgfdg", "type": "pandanmuku"}
{"useragent": "Mozilla/5.0 (Windows NT 6.1; WOW64) AppleWebKit/537.36 (KHTML, like Gecko) Chrome/40.0.2214.115 Safari/537.36", "content": "fdg", "tag": "[Tue Apr  7 22:48:38 2015]fdg", "type": "pandanmuku"}
{"useragent": "Mozilla/5.0 (Windows NT 6.1; WOW64) AppleWebKit/537.36 (KHTML, like Gecko) Chrome/40.0.2214.115 Safari/537.36", "content": "g", "tag": "[Tue Apr  7 22:48:39 2015]g", "type": "pandanmuku"}
{"useragent": "Mozilla/5.0 (Windows NT 6.1; WOW64) AppleWebKit/537.36 (KHTML, like Gecko) Chrome/40.0.2214.115 Safari/537.36", "content": "g", "tag": "[Tue Apr  7 22:48:39 2015]g", "type": "pandanmuku"}
{"useragent": "Mozilla/5.0 (Windows NT 6.1; WOW64) AppleWebKit/537.36 (KHTML, like Gecko) Chrome/40.0.2214.115 Safari/537.36", "content": "", "tag": "[Tue Apr  7 22:48:40 2015]", "type": "pandanmuku"}
{"useragent": "Mozilla/5.0 (Windows NT 6.1; WOW64) AppleWebKit/537.36 (KHTML, like Gecko) Chrome/40.0.2214.115 Safari/537.36", "content": "fdsg", "tag": "[Tue Apr  7 22:48:40 2015]fdsg", "type": "pandanmuku"}
{"useragent": "Mozilla/5.0 (Windows NT 6.1; WOW64) AppleWebKit/537.36 (KHTML, like Gecko) Chrome/40.0.2214.115 Safari/537.36", "content": "fdg", "tag": "[Tue Apr  7 22:48:41 2015]fdg", "type": "pandanmuku"}
{"useragent": "Mozilla/5.0 (Windows NT 6.1; WOW64) AppleWebKit/537.36 (KHTML, like Gecko) Chrome/40.0.2214.115 Safari/537.36", "content": "", "tag": "[Tue Apr  7 22:48:42 2015]", "type": "pandanmuku"}
{"useragent": "Mozilla/5.0 (Windows NT 6.1; WOW64) AppleWebKit/537.36 (KHTML, like Gecko) Chrome/40.0.2214.115 Safari/537.36", "content": "gfds", "tag": "[Tue Apr  7 22:48:42 2015]gfds", "type": "pandanmuku"}
{"useragent": "Mozilla/5.0 (Windows NT 6.1; WOW64) AppleWebKit/537.36 (KHTML, like Gecko) Chrome/40.0.2214.115 Safari/537.36", "content": "", "tag": "[Tue Apr  7 22:48:42 2015]", "type": "pandanmuku"}
{"useragent": "Mozilla/5.0 (Windows NT 6.1; WOW64) AppleWebKit/537.36 (KHTML, like Gecko) Chrome/40.0.2214.115 Safari/537.36", "content": "fdsgfdgfds", "tag": "[Tue Apr  7 22:48:44 2015]fdsgfdgfds", "type": "pandanmuku"}
{"useragent": "Mozilla/5.0 (Windows NT 6.1; WOW64) AppleWebKit/537.36 (KHTML, like Gecko) Chrome/40.0.2214.115 Safari/537.36", "content": "f", "tag": "[Tue Apr  7 22:48:52 2015]f", "type": "pandanmuku"}
{"useragent": "Mozilla/5.0 (Windows NT 6.1; WOW64) AppleWebKit/537.36 (KHTML, like Gecko) Chrome/40.0.2214.115 Safari/537.36", "content": "f", "tag": "[Tue Apr  7 22:48:54 2015]f", "type": "pandanmuku"}
{"useragent": "Mozilla/5.0 (Windows NT 6.1; WOW64) AppleWebKit/537.36 (KHTML, like Gecko) Chrome/40.0.2214.115 Safari/537.36", "content": "f", "tag": "[Tue Apr  7 22:48:56 2015]f", "type": "pandanmuku"}
{"tag": "[Tue Apr  7 22:48:57 2015]kicked, because you have failed to send heartbeat pack frequently.", "type": "error"}
{"type": "ok", "tag": "[Tue Apr  7 22:53:04 2015]successfully loginned"}
{"type": "pandanmuku", "tag": "[Tue Apr  7 22:53:08 2015]dw", "useragent": "Mozilla/5.0 (Windows NT 6.1; WOW64) AppleWebKit/537.36 (KHTML, like Gecko) Chrome/40.0.2214.115 Safari/537.36", "content": "dw"}
{"type": "error", "tag": "[Tue Apr  7 22:53:44 2015]server error, perhaps you are unregistered, details:('127.0.0.1', 1227)"}
{"type": "error", "tag": "[Tue Apr  7 22:54:05 2015]kicked, because you have failed to send heartbeat pack frequently."}
{"type": "error", "tag": "[Tue Apr  7 22:54:24 2015]you are unloginned"}
{"type": "error", "tag": "[Tue Apr  7 22:55:04 2015]you are unloginned"}
hello
{"tag": "[Tue Apr  7 23:25:52 2015]successfully loginned", "type": "ok"}
{"password": "zsthgace", "type": "ok", "tag": "[Tue Apr  7 23:33:54 2015]successfully registered", "username": "imdv4"}
{"type": "ok", "tag": "[Tue Apr  7 23:33:54 2015]successfully loginned"}
{"username": "diojv", "tag": "[Tue Apr  7 23:35:46 2015]successfully registered", "password": "bxcyn2kw", "type": "ok"}
{"tag": "[Tue Apr  7 23:35:46 2015]successfully loginned", "type": "ok"}
{"tag": "[Tue Apr  7 23:40:48 2015]server error, perhaps you are unregistered, details:('127.0.0.1', 1227)", "type": "error"}
{"type": "error", "tag": "[Tue Apr  7 23:47:16 2015]server error, perhaps you are unregistered, details:('127.0.0.1', 1227)"}
{"type": "error", "tag": "[Tue Apr  7 23:47:56 2015]server error, perhaps you are unregistered, details:('127.0.0.1', 1227)"}
{"type": "error", "tag": "[Tue Apr  7 23:48:36 2015]server error, perhaps you are unregistered, details:('127.0.0.1', 1227)"}
{"tag": "[Tue Apr  7 23:53:51 2015]server error, perhaps you are unregistered, details:('127.0.0.1', 1227)", "type": "error"}
{"tag": "[Tue Apr  7 23:54:31 2015]server error, perhaps you are unregistered, details:('127.0.0.1', 1227)", "type": "error"}
{"tag": "[Tue Apr  7 23:56:04 2015]login failed, false username or password", "type": "error"}
{"tag": "[Tue Apr  7 23:56:56 2015]server error, perhaps you are unregistered, details:('127.0.0.1', 1227)", "type": "error"}
{"tag": "[Wed Apr  8 00:01:03 2015]login failed, false username or password", "type": "error"}
{"username": "aog31", "tag": "[Wed Apr  8 00:01:30 2015]successfully registered", "password": "n7ac81ge", "type": "ok"}
{"tag": "[Wed Apr  8 00:01:30 2015]successfully loginned", "type": "ok"}
{"tag": "[Wed Apr  8 00:01:30 2015]login failed, false username or password", "type": "error"}
{"tag": "[Wed Apr  8 00:01:51 2015]successfully loginned", "type": "ok"}
{"tag": "[Wed Apr  8 00:01:51 2015]login failed, false username or password", "type": "error"}
{"password": "ahy971e6", "type": "ok", "tag": "[Wed Apr  8 00:12:09 2015]successfully registered", "username": "kfc8g"}
{"type": "ok", "tag": "[Wed Apr  8 00:12:09 2015]successfully loginned"}
{"type": "error", "tag": "[Wed Apr  8 00:12:09 2015]login failed, false username or password"}
{"tag": "[Wed Apr  8 00:18:45 2015]login failed, false username or password", "type": "error"}
{"username": "wa2og", "tag": "[Wed Apr  8 00:19:03 2015]successfully registered", "type": "ok", "password": "fo1b59pi"}
{"tag": "[Wed Apr  8 00:19:03 2015]successfully loginned", "type": "ok"}
{"type": "ok", "tag": "[Wed Apr  8 00:19:59 2015]successfully loginned"}
{"password": "cazqisfv", "type": "ok", "tag": "[Wed Apr  8 00:20:10 2015]successfully registered", "username": "6wlso"}
{"type": "ok", "tag": "[Wed Apr  8 00:20:10 2015]successfully loginned"}
{"password": "3q6shndx", "username": "ctsxy", "type": "ok", "tag": "[Wed Apr  8 07:03:06 2015]successfully registered"}
{"type": "ok", "tag": "[Wed Apr  8 07:03:06 2015]successfully loginned"}
{"useragent": "Mozilla/5.0 (Windows NT 6.1) AppleWebKit/537.36 (KHTML, like Gecko) Chrome/31.0.1650.63 Safari/537.36", "content": "s", "type": "pandanmuku", "tag": "[Wed Apr  8 07:05:11 2015]s"}
{"type": "ok", "tag": "[Wed Apr  8 12:08:14 2015]successfully loginned"}
{"type": "ok", "tag": "[Wed Apr  8 12:09:07 2015]successfully loginned"}
{"useragent": "Mozilla/4.0 (compatible; MSIE 7.0; Windows NT 6.1; Trident/7.0; SLCC2; .NET CLR 2.0.50727; .NET CLR 3.5.30729; .NET CLR 3.0.30729; Media Center PC 6.0; Tablet PC 2.0; InfoPath.2; .NET4.0C; .NET4.0E)", "type": "pandanmuku", "tag": "[Wed Apr  8 12:09:43 2015]fdgf", "content": "fdgf"}
{"useragent": "Mozilla/4.0 (compatible; MSIE 7.0; Windows NT 6.1; Trident/7.0; SLCC2; .NET CLR 2.0.50727; .NET CLR 3.5.30729; .NET CLR 3.0.30729; Media Center PC 6.0; Tablet PC 2.0; InfoPath.2; .NET4.0C; .NET4.0E)", "type": "pandanmuku", "tag": "[Wed Apr  8 12:09:44 2015]fdgf", "content": "fdgf"}
{"useragent": "Mozilla/4.0 (compatible; MSIE 7.0; Windows NT 6.1; Trident/7.0; SLCC2; .NET CLR 2.0.50727; .NET CLR 3.5.30729; .NET CLR 3.0.30729; Media Center PC 6.0; Tablet PC 2.0; InfoPath.2; .NET4.0C; .NET4.0E)", "type": "pandanmuku", "tag": "[Wed Apr  8 12:09:50 2015]tyutu", "content": "tyutu"}
{"tag": "[Wed Apr  8 12:14:16 2015]successfully loginned", "type": "ok"}
{"tag": "[Wed Apr  8 12:14:43 2015]\u4e0a\u884c\u5e26\u5bbd\u5c0f\u5dee\u8bc4", "content": "\u4e0a\u884c\u5e26\u5bbd\u5c0f\u5dee\u8bc4", "useragent": "Mozilla/4.0 (compatible; MSIE 7.0; Windows NT 6.1; Trident/7.0; SLCC2; .NET CLR 2.0.50727; .NET CLR 3.5.30729; .NET CLR 3.0.30729; Media Center PC 6.0; Tablet PC 2.0; InfoPath.2; .NET4.0C; .NET4.0E)", "type": "pandanmuku"}
{"tag": "[Wed Apr  8 12:20:23 2015]successfully loginned", "type": "ok"}
{"tag": "[Wed Apr  8 12:20:41 2015]\u963f\u8fbe\u6211\u7684\u4eba", "content": "\u963f\u8fbe\u6211\u7684\u4eba", "useragent": "Mozilla/4.0 (compatible; MSIE 7.0; Windows NT 6.1; Trident/7.0; SLCC2; .NET CLR 2.0.50727; .NET CLR 3.5.30729; .NET CLR 3.0.30729; Media Center PC 6.0; Tablet PC 2.0; InfoPath.2; .NET4.0C; .NET4.0E)", "type": "pandanmuku"}
{"tag": "[Wed Apr  8 12:20:41 2015]\u963f\u8fbe\u6211\u7684\u4eba", "content": "\u963f\u8fbe\u6211\u7684\u4eba", "useragent": "Mozilla/4.0 (compatible; MSIE 7.0; Windows NT 6.1; Trident/7.0; SLCC2; .NET CLR 2.0.50727; .NET CLR 3.5.30729; .NET CLR 3.0.30729; Media Center PC 6.0; Tablet PC 2.0; InfoPath.2; .NET4.0C; .NET4.0E)", "type": "pandanmuku"}
{"tag": "[Wed Apr  8 12:20:50 2015]765", "content": "765", "useragent": "Mozilla/4.0 (compatible; MSIE 7.0; Windows NT 6.1; Trident/7.0; SLCC2; .NET CLR 2.0.50727; .NET CLR 3.5.30729; .NET CLR 3.0.30729; Media Center PC 6.0; Tablet PC 2.0; InfoPath.2; .NET4.0C; .NET4.0E)", "type": "pandanmuku"}
{"tag": "[Wed Apr  8 12:20:53 2015]\u5e7f\u4e1c\u4e1d\u74dc", "content": "\u5e7f\u4e1c\u4e1d\u74dc", "useragent": "Mozilla/4.0 (compatible; MSIE 7.0; Windows NT 6.1; Trident/7.0; SLCC2; .NET CLR 2.0.50727; .NET CLR 3.5.30729; .NET CLR 3.0.30729; Media Center PC 6.0; Tablet PC 2.0; InfoPath.2; .NET4.0C; .NET4.0E)", "type": "pandanmuku"}
{"tag": "[Wed Apr  8 12:21:00 2015]\u615d56\u5e74", "content": "\u615d56\u5e74", "useragent": "Mozilla/4.0 (compatible; MSIE 7.0; Windows NT 6.1; Trident/7.0; SLCC2; .NET CLR 2.0.50727; .NET CLR 3.5.30729; .NET CLR 3.0.30729; Media Center PC 6.0; Tablet PC 2.0; InfoPath.2; .NET4.0C; .NET4.0E)", "type": "pandanmuku"}
{"type": "ok", "tag": "[Wed Apr  8 12:27:10 2015]successfully loginned"}
{"type": "ok", "tag": "[Wed Apr  8 12:32:51 2015]successfully loginned"}
{"type": "pandanmuku", "tag": "[Wed Apr  8 12:51:31 2015]\u5185\u7f51\u6620\u5c04get", "content": "\u5185\u7f51\u6620\u5c04get", "useragent": "Mozilla/5.0 (Windows NT 6.1) AppleWebKit/537.36 (KHTML, like Gecko) Chrome/31.0.1650.63 Safari/537.36"}
{"type": "ok", "tag": "[Wed Apr  8 12:52:25 2015]successfully loginned"}
{"type": "pandanmuku", "tag": "[Wed Apr  8 12:52:30 2015]\u6697\u5ba4\u9022\u706f", "content": "\u6697\u5ba4\u9022\u706f", "useragent": "Mozilla/5.0 (Windows NT 6.1) AppleWebKit/537.36 (KHTML, like Gecko) Chrome/31.0.1650.63 Safari/537.36"}
{"type": "error", "tag": "[Wed Apr  8 19:13:38 2015]login failed, false username or password"}
{"type": "ok", "password": "8oifw3vj", "tag": "[Wed Apr  8 19:13:51 2015]successfully registered", "username": "z01jt"}
{"type": "ok", "tag": "[Wed Apr  8 19:13:51 2015]successfully loginned"}
{"tag": "[Wed Apr  8 19:15:00 2015]successfully loginned", "type": "ok"}
{"content": "\u597d", "useragent": "Mozilla/5.0 (Linux; U; Android 4.4.4; zh-cn; M353 Build/KTU84P) AppleWebKit/534.30 (KHTML, like Gecko) Version/4.0 Mobile Safari/534.30", "tag": "[Wed Apr  8 19:15:28 2015]\u597d", "type": "pandanmuku"}
{"type": "ok", "tag": "[Wed Apr  8 19:24:53 2015]successfully loginned"}
{"useragent": "Mozilla/5.0 (Linux; U; Android 4.4.4; zh-cn; M353 Build/KTU84P) AppleWebKit/534.30 (KHTML, like Gecko) Version/4.0 Mobile Safari/534.30", "type": "pandanmuku", "tag": "[Wed Apr  8 19:25:04 2015]1", "content": "1"}
{"useragent": "Mozilla/5.0 (Linux; U; Android 4.4.4; zh-cn; M353 Build/KTU84P) AppleWebKit/534.30 (KHTML, like Gecko) Version/4.0 Mobile Safari/534.30", "type": "pandanmuku", "tag": "[Wed Apr  8 19:25:09 2015]\u611f\u89c9", "content": "\u611f\u89c9"}
{"useragent": "Mozilla/5.0 (Windows NT 6.1; WOW64) AppleWebKit/537.36 (KHTML, like Gecko) Chrome/40.0.2214.115 Safari/537.36", "type": "pandanmuku", "tag": "[Wed Apr  8 19:25:42 2015]fewf", "content": "fewf"}
{"useragent": "Mozilla/5.0 (Windows NT 6.1; WOW64) AppleWebKit/537.36 (KHTML, like Gecko) Chrome/40.0.2214.115 Safari/537.36", "type": "pandanmuku", "tag": "[Wed Apr  8 19:25:45 2015]fewf", "content": "fewf"}
{"useragent": "Mozilla/5.0 (Windows NT 6.1; WOW64) AppleWebKit/537.36 (KHTML, like Gecko) Chrome/40.0.2214.115 Safari/537.36", "type": "pandanmuku", "tag": "[Wed Apr  8 19:25:47 2015]", "content": ""}
{"useragent": "Mozilla/5.0 (Windows NT 6.1; WOW64) AppleWebKit/537.36 (KHTML, like Gecko) Chrome/40.0.2214.115 Safari/537.36", "type": "pandanmuku", "tag": "[Wed Apr  8 19:25:49 2015]feawfweafaewf", "content": "feawfweafaewf"}
{"type": "ok", "tag": "[Wed Apr  8 19:27:15 2015]successfully loginned"}
{"useragent": "Mozilla/5.0 (Windows NT 6.1; WOW64) AppleWebKit/537.36 (KHTML, like Gecko) Chrome/40.0.2214.115 Safari/537.36", "type": "pandanmuku", "tag": "[Wed Apr  8 19:27:21 2015]fsdafsdaf", "content": "fsdafsdaf"}
{"useragent": "Mozilla/5.0 (Windows NT 6.1; WOW64) AppleWebKit/537.36 (KHTML, like Gecko) Chrome/40.0.2214.115 Safari/537.36", "type": "pandanmuku", "tag": "[Wed Apr  8 19:27:23 2015]fadsfasdfa", "content": "fadsfasdfa"}
{"useragent": "Mozilla/5.0 (Windows NT 6.1; WOW64) AppleWebKit/537.36 (KHTML, like Gecko) Chrome/40.0.2214.115 Safari/537.36", "type": "pandanmuku", "tag": "[Wed Apr  8 19:27:27 2015]dfsa", "content": "dfsa"}
{"type": "ok", "tag": "[Wed Apr  8 19:28:52 2015]successfully loginned"}
{"useragent": "Mozilla/5.0 (Windows NT 6.1; WOW64) AppleWebKit/537.36 (KHTML, like Gecko) Chrome/40.0.2214.115 Safari/537.36", "type": "pandanmuku", "tag": "[Wed Apr  8 19:28:55 2015]dwqdqw", "content": "dwqdqw"}
{"useragent": "Mozilla/5.0 (Windows NT 6.1; WOW64) AppleWebKit/537.36 (KHTML, like Gecko) Chrome/40.0.2214.115 Safari/537.36", "type": "pandanmuku", "tag": "[Wed Apr  8 19:28:57 2015]wdq", "content": "wdq"}
{"tag": "[Wed Apr  8 19:31:05 2015]successfully loginned", "type": "ok"}
{"tag": "[Wed Apr  8 19:31:27 2015]\u6c99\u53d1\u8303\u5fb7\u8428", "useragent": "Mozilla/5.0 (Windows NT 6.1; WOW64) AppleWebKit/537.36 (KHTML, like Gecko) Chrome/40.0.2214.115 Safari/537.36", "content": "\u6c99\u53d1\u8303\u5fb7\u8428", "type": "pandanmuku"}
{"tag": "[Wed Apr  8 19:31:56 2015]successfully loginned", "type": "ok"}
{"tag": "[Wed Apr  8 19:32:01 2015]dsdsssssssssssssssssssssssssssssssssssssssssssssssss", "useragent": "Mozilla/5.0 (Windows NT 6.1; WOW64) AppleWebKit/537.36 (KHTML, like Gecko) Chrome/40.0.2214.115 Safari/537.36", "content": "dsdsssssssssssssssssssssssssssssssssssssssssssssssss", "type": "pandanmuku"}
{"tag": "[Wed Apr  8 19:32:03 2015]sssss", "useragent": "Mozilla/5.0 (Windows NT 6.1; WOW64) AppleWebKit/537.36 (KHTML, like Gecko) Chrome/40.0.2214.115 Safari/537.36", "content": "sssss", "type": "pandanmuku"}
{"tag": "[Wed Apr  8 19:32:07 2015]sssa", "useragent": "Mozilla/5.0 (Windows NT 6.1; WOW64) AppleWebKit/537.36 (KHTML, like Gecko) Chrome/40.0.2214.115 Safari/537.36", "content": "sssa", "type": "pandanmuku"}
{"tag": "[Wed Apr  8 19:32:11 2015]saddsadsad", "useragent": "Mozilla/5.0 (Windows NT 6.1; WOW64) AppleWebKit/537.36 (KHTML, like Gecko) Chrome/40.0.2214.115 Safari/537.36", "content": "saddsadsad", "type": "pandanmuku"}
{"username": "ge6wr", "password": "zulf1pa9", "tag": "[Thu Apr  9 12:11:21 2015]successfully registered", "type": "ok"}
{"tag": "[Thu Apr  9 12:11:21 2015]successfully loginned", "type": "ok"}
{"tag": "[Thu Apr  9 12:14:21 2015]successfully loginned", "type": "ok"}
{"content": "trrrrrrrrr", "useragent": "Mozilla/5.0 (Windows NT 5.1) AppleWebKit/537.36 (KHTML, like Gecko) Chrome/37.0.2062.103 Safari/537.36", "tag": "[Thu Apr  9 12:14:24 2015]trrrrrrrrr", "type": "pandanmuku"}
{"content": "hfgh", "useragent": "Mozilla/5.0 (Windows NT 5.1) AppleWebKit/537.36 (KHTML, like Gecko) Chrome/37.0.2062.103 Safari/537.36", "tag": "[Thu Apr  9 12:14:25 2015]hfgh", "type": "pandanmuku"}
{"type": "ok", "tag": "[Thu Apr  9 12:29:14 2015]successfully loginned"}
{"type": "pandanmuku", "useragent": "Mozilla/5.0 (Windows NT 5.1) AppleWebKit/537.36 (KHTML, like Gecko) Chrome/37.0.2062.103 Safari/537.36", "content": "fasdgawegweagwegw", "tag": "[Thu Apr  9 12:29:39 2015]fasdgawegweagwegw"}
{"type": "ok", "username": "d6no2", "password": "l6xh9d5z", "tag": "[Fri Apr 10 17:54:16 2015]successfully registered"}
{"type": "ok", "tag": "[Fri Apr 10 17:54:16 2015]successfully loginned"}
{"tag": "[Sat Apr 11 23:12:42 2015]login failed, false username or password", "type": "error"}
{"username": "svnqe", "password": "iw8t50xu", "tag": "[Sat Apr 11 23:13:01 2015]successfully registered", "type": "ok"}
{"tag": "[Sat Apr 11 23:13:01 2015]successfully loginned", "type": "ok"}
{"tag": "[Sun Apr 12 20:14:17 2015]login failed, false username or password", "type": "error"}
{"tag": "[Sun Apr 12 20:14:41 2015]successfully loginned", "type": "ok"}
{"tag": "[Sun Apr 12 20:15:33 2015]\u83ab\u975e", "content": "\u83ab\u975e", "type": "pandanmuku", "useragent": "Mozilla/5.0 (Linux; U; Android 4.4.4; zh-cn; M353 Build/KTU84P) AppleWebKit/534.30 (KHTML, like Gecko) Version/4.0 Mobile Safari/534.30"}
{"tag": "[Sun Apr 12 20:16:33 2015]\u54af\u561b", "content": "\u54af\u561b", "type": "pandanmuku", "useragent": "Mozilla/5.0 (Linux; Android 4.4.4; M353 Build/KTU84P) AppleWebKit/537.36 (KHTML, like Gecko) Chrome/41.0.2272.96 Mobile Safari/537.36"}
